#
# A fatal error has been detected by the Java Runtime Environment:
#
#  SIGSEGV (0xb) at pc=0x00007f4146e9799e, pid=4490, tid=139919147030272
#
# JRE version: 7.0_11-b21
# Java VM: Java HotSpot(TM) 64-Bit Server VM (23.6-b04 mixed mode linux-amd64 compressed oops)
# Problematic frame:
# C  [fglrx_dri.so+0x13d199e]  ukiCreateContext+0x13d199e
#
# Failed to write core dump. Core dumps have been disabled. To enable core dumping, try "ulimit -c unlimited" before starting Java again
#
# If you would like to submit a bug report, please visit:
#   http://bugreport.sun.com/bugreport/crash.jsp
# The crash happened outside the Java Virtual Machine in native code.
# See problematic frame for where to report the bug.
#

---------------  T H R E A D  ---------------

Current thread (0x00007f41a025d000):  JavaThread "LWJGL Renderer Thread" [_thread_in_native, id=4513, stack(0x00007f4176fe5000,0x00007f41770e6000)]

siginfo:si_signo=SIGSEGV: si_errno=0, si_code=1 (SEGV_MAPERR), si_addr=0x00000000000000e0

Registers:
RAX=0x0000000000000000, RBX=0x00007f415433d1b8, RCX=0x000000000000000c, RDX=0x00007f415434a210
RSP=0x00007f41770e3c40, RBP=0x0000000000000007, RSI=0x00007f4154223c90, RDI=0x0000000000000000
R8 =0x0000000000000000, R9 =0x0000000000000000, R10=0x0000000000000000, R11=0x0000000000000000
R12=0x00007f41770e3d07, R13=0x00007f41770e3cf8, R14=0x00007f4154223c90, R15=0x0000000000000003
RIP=0x00007f4146e9799e, EFLAGS=0x0000000000010202, CSGSFS=0x0000000000000033, ERR=0x0000000000000004
  TRAPNO=0x000000000000000e

Top of Stack: (sp=0x00007f41770e3c40)
0x00007f41770e3c40:   0100000000000000 0000000000000007
0x00007f41770e3c50:   0000000000000000 00007f41553c0430
0x00007f41770e3c60:   00007f415433d1b8 0000000000000000
0x00007f41770e3c70:   00000000ffffffff 00007f4146efda63
0x00007f41770e3c80:   0000000000000000 0000000000000000
0x00007f41770e3c90:   00007f4155395a00 00007f4154223c90
0x00007f41770e3ca0:   00007f415539a990 0000000000000000
0x00007f41770e3cb0:   0000000000000000 00007f4154223c90
0x00007f41770e3cc0:   0f0f5bf300000003 00007f415433d1b8
0x00007f41770e3cd0:   00007f41770e3da0 00007f4154223c90
0x00007f41770e3ce0:   0000000000000001 0000000000000000
0x00007f41770e3cf0:   0000000000000000 00007f4146ea81c6
0x00007f41770e3d00:   01007f415539b160 00007f415433d1b8
0x00007f41770e3d10:   0000000000000000 00007f4154223c90
0x00007f41770e3d20:   0000000000000001 0000000000000000
0x00007f41770e3d30:   0000000000000000 00007f4146f07f5b
0x00007f41770e3d40:   0000000000000001 0000000000000000
0x00007f41770e3d50:   0000000000000030 00007f41542c79d0
0x00007f41770e3d60:   00007f41542ccce0 00007f41770e3e60
0x00007f41770e3d70:   00007f41770e3e80 00007f4100000004
0x00007f41770e3d80:   0000000000000001 0000000000000000
0x00007f41770e3d90:   0000000000000000 0000000000000000
0x00007f41770e3da0:   00fc900afee7ffef 0000000000000404
0x00007f41770e3db0:   00007f41542d45e0 00007f4100006d7f
0x00007f41770e3dc0:   00007f4154c98270 00007f415433d1b8
0x00007f41770e3dd0:   00007f41543455b0 0000000000000004
0x00007f41770e3de0:   00007f4154223c90 0000000000000000
0x00007f41770e3df0:   0000000000000004 00007f4146edb280
0x00007f41770e3e00:   00007f4154210ca0 0000000000000000
0x00007f41770e3e10:   00007f415539b2d0 0000000000000001
0x00007f41770e3e20:   00007f415433d1b8 00007f4154223c90
0x00007f41770e3e30:   0000000000000000 00007f4146edb6d3 

Instructions: (pc=0x00007f4146e9799e)
0x00007f4146e9797e:   e0 85 c5 74 0e 89 f8 48 8d 04 40 48 8d 94 c3 58
0x00007f4146e9798e:   d0 00 00 8b 4a 10 48 8b 02 85 c9 74 45 83 f9 01
0x00007f4146e9799e:   4c 8b 90 e0 00 00 00 8b 72 08 74 16 89 c8 c1 e8
0x00007f4146e979ae:   02 83 f8 10 0f 86 bf 00 00 00 89 f0 31 d2 f7 f1 

Register to memory mapping:

RAX=0x0000000000000000 is an unknown value
RBX=0x00007f415433d1b8 is an unknown value
RCX=0x000000000000000c is an unknown value
RDX=0x00007f415434a210 is an unknown value
RSP=0x00007f41770e3c40 is pointing into the stack for thread: 0x00007f41a025d000
RBP=0x0000000000000007 is an unknown value
RSI=0x00007f4154223c90 is an unknown value
RDI=0x0000000000000000 is an unknown value
R8 =0x0000000000000000 is an unknown value
R9 =0x0000000000000000 is an unknown value
R10=0x0000000000000000 is an unknown value
R11=0x0000000000000000 is an unknown value
R12=0x00007f41770e3d07 is pointing into the stack for thread: 0x00007f41a025d000
R13=0x00007f41770e3cf8 is pointing into the stack for thread: 0x00007f41a025d000
R14=0x00007f4154223c90 is an unknown value
R15=0x0000000000000003 is an unknown value


Stack: [0x00007f4176fe5000,0x00007f41770e6000],  sp=0x00007f41770e3c40,  free space=1019k
Native frames: (J=compiled Java code, j=interpreted, Vv=VM code, C=native code)
C  [fglrx_dri.so+0x13d199e]  ukiCreateContext+0x13d199e

Java frames: (J=compiled Java code, j=interpreted, Vv=VM code)
j  org.lwjgl.opengl.GL12.nglDrawRangeElementsBO(IIIIIJJ)V+0
j  org.lwjgl.opengl.GL12.glDrawRangeElements(IIIIIJ)V+32
j  com.jme3.renderer.lwjgl.LwjglRenderer.drawTriangleList(Lcom/jme3/scene/VertexBuffer;Lcom/jme3/scene/Mesh;I)V+361
j  com.jme3.renderer.lwjgl.LwjglRenderer.renderMeshDefault(Lcom/jme3/scene/Mesh;II)V+174
j  com.jme3.renderer.lwjgl.LwjglRenderer.renderMesh(Lcom/jme3/scene/Mesh;II)V+160
j  com.jme3.material.Material.render(Lcom/jme3/scene/Geometry;Lcom/jme3/renderer/RenderManager;)V+321
j  com.jme3.renderer.RenderManager.renderGeometry(Lcom/jme3/scene/Geometry;)V+137
j  com.jme3.renderer.queue.RenderQueue.renderGeometryList(Lcom/jme3/renderer/queue/GeometryList;Lcom/jme3/renderer/RenderManager;Lcom/jme3/renderer/Camera;Z)V+51
j  com.jme3.renderer.queue.RenderQueue.renderQueue(Lcom/jme3/renderer/queue/RenderQueue$Bucket;Lcom/jme3/renderer/RenderManager;Lcom/jme3/renderer/Camera;Z)V+68
j  com.jme3.renderer.RenderManager.renderViewPortQueues(Lcom/jme3/renderer/ViewPort;Z)V+22
j  Engine.Lights.SimpleSSAO.postQueue(Lcom/jme3/renderer/queue/RenderQueue;)V+54
j  com.jme3.post.FilterPostProcessor.postQueue(Lcom/jme3/renderer/queue/RenderQueue;)V+38
j  com.jme3.renderer.RenderManager.renderViewPort(Lcom/jme3/renderer/ViewPort;F)V+257
j  com.jme3.renderer.RenderManager.render(FZ)V+123
j  com.jme3.app.SimpleApplication.update()V+102
j  com.jme3.system.lwjgl.LwjglAbstractDisplay.runLoop()V+22
j  com.jme3.system.lwjgl.LwjglDisplay.runLoop()V+67
j  com.jme3.system.lwjgl.LwjglAbstractDisplay.run()V+132
j  java.lang.Thread.run()V+11
v  ~StubRoutines::call_stub

---------------  P R O C E S S  ---------------

Java Threads: ( => current thread )
  0x00007f4154938000 JavaThread "pool-1-thread-1" [_thread_blocked, id=4523, stack(0x00007f4135e4b000,0x00007f4135f4c000)]
  0x00007f41547c1800 JavaThread "jME3 Audio Thread" daemon [_thread_blocked, id=4519, stack(0x00007f4144d2d000,0x00007f4144e2e000)]
  0x00007f41540c9800 JavaThread "process reaper" daemon [_thread_blocked, id=4517, stack(0x00007f4176a96000,0x00007f4176abe000)]
  0x00007f41540c1800 JavaThread "AWT-XAWT" daemon [_thread_in_native, id=4515, stack(0x00007f41752d8000,0x00007f41753d9000)]
  0x00007f415408c000 JavaThread "Java2D Disposer" daemon [_thread_blocked, id=4514, stack(0x00007f41757ea000,0x00007f41758eb000)]
  0x00007f41a0008000 JavaThread "DestroyJavaVM" [_thread_blocked, id=4495, stack(0x00007f41a92f2000,0x00007f41a93f3000)]
=>0x00007f41a025d000 JavaThread "LWJGL Renderer Thread" [_thread_in_native, id=4513, stack(0x00007f4176fe5000,0x00007f41770e6000)]
  0x00007f41a00f8000 JavaThread "Service Thread" daemon [_thread_blocked, id=4510, stack(0x00007f417763f000,0x00007f4177740000)]
  0x00007f41a00f5800 JavaThread "C2 CompilerThread1" daemon [_thread_in_native, id=4509, stack(0x00007f4177740000,0x00007f4177841000)]
  0x00007f41a00f3000 JavaThread "C2 CompilerThread0" daemon [_thread_in_vm, id=4508, stack(0x00007f4177841000,0x00007f4177942000)]
  0x00007f41a00f0800 JavaThread "Signal Dispatcher" daemon [_thread_blocked, id=4507, stack(0x00007f4177942000,0x00007f4177a43000)]
  0x00007f41a00a3800 JavaThread "Finalizer" daemon [_thread_blocked, id=4506, stack(0x00007f4177cfd000,0x00007f4177dfe000)]
  0x00007f41a00a1000 JavaThread "Reference Handler" daemon [_thread_blocked, id=4505, stack(0x00007f4177dfe000,0x00007f4177eff000)]

Other Threads:
  0x00007f41a0099800 VMThread [stack: 0x00007f4177eff000,0x00007f4178000000] [id=4504]
  0x00007f41a010a800 WatcherThread [stack: 0x00007f417753e000,0x00007f417763f000] [id=4511]

VM state:not at safepoint (normal execution)

VM Mutex/Monitor currently owned by a thread: None

Heap
 PSYoungGen      total 68288K, used 7771K [0x00000000d70b0000, 0x00000000e0f10000, 0x0000000100000000)
  eden space 63104K, 4% used [0x00000000d70b0000,0x00000000d733bc80,0x00000000dae50000)
  from space 5184K, 99% used [0x00000000dae50000,0x00000000db35b0a8,0x00000000db360000)
  to   space 17984K, 0% used [0x00000000dfd80000,0x00000000dfd80000,0x00000000e0f10000)
 ParOldGen       total 83904K, used 35722K [0x0000000085200000, 0x000000008a3f0000, 0x00000000d70b0000)
  object space 83904K, 42% used [0x0000000085200000,0x00000000874e2878,0x000000008a3f0000)
 PSPermGen       total 21248K, used 15677K [0x0000000080000000, 0x00000000814c0000, 0x0000000085200000)
  object space 21248K, 73% used [0x0000000080000000,0x0000000080f4f600,0x00000000814c0000)

Card table byte_map: [0x00007f41a68e4000,0x00007f41a6ce5000] byte_map_base: 0x00007f41a64e4000

Polling page: 0x00007f41a9432000

Code Cache  [0x00007f419d000000, 0x00007f419d270000, 0x00007f41a0000000)
 total_blobs=996 nmethods=412 adapters=536 free_code_cache=47463Kb largest_free_block=48578816

Compilation events (10 events):
Event: 2.880 Thread 0x00007f41a00f3000 nmethod 393 0x00007f419d1a2b50 code [0x00007f419d1a2c80, 0x00007f419d1a2cf8]
Event: 2.880 Thread 0x00007f41a00f3000  394             java.util.regex.Pattern::isSupplementary (20 bytes)
Event: 2.881 Thread 0x00007f41a00f3000 nmethod 394 0x00007f419d1a2950 code [0x00007f419d1a2a80, 0x00007f419d1a2ad8]
Event: 2.881 Thread 0x00007f41a00f3000  395             java.lang.Character::isSurrogate (18 bytes)
Event: 2.881 Thread 0x00007f41a00f3000 nmethod 395 0x00007f419d1a2750 code [0x00007f419d1a2880, 0x00007f419d1a28d8]
Event: 2.881 Thread 0x00007f41a00f3000  396             java.lang.String::codePointAt (36 bytes)
Event: 2.883 Thread 0x00007f41a00f3000 nmethod 396 0x00007f419d1a5810 code [0x00007f419d1a5980, 0x00007f419d1a5ad8]
Event: 2.883 Thread 0x00007f41a00f3000  397             java.lang.Character::codePointAtImpl (41 bytes)
Event: 2.884 Thread 0x00007f41a00f3000 nmethod 397 0x00007f419d1a5450 code [0x00007f419d1a55a0, 0x00007f419d1a56b8]
Event: 2.884 Thread 0x00007f41a00f3000  398             com.jme3.font.plugins.BitmapFontLoader::load (1012 bytes)

GC Heap History (10 events):
Event: 1.216 GC heap before
{Heap before GC invocations=1 (full 0):
 PSYoungGen      total 36736K, used 31552K [0x00000000d70b0000, 0x00000000d99a0000, 0x0000000100000000)
  eden space 31552K, 100% used [0x00000000d70b0000,0x00000000d8f80000,0x00000000d8f80000)
  from space 5184K, 0% used [0x00000000d9490000,0x00000000d9490000,0x00000000d99a0000)
  to   space 5184K, 0% used [0x00000000d8f80000,0x00000000d8f80000,0x00000000d9490000)
 ParOldGen       total 83904K, used 0K [0x0000000085200000, 0x000000008a3f0000, 0x00000000d70b0000)
  object space 83904K, 0% used [0x0000000085200000,0x0000000085200000,0x000000008a3f0000)
 PSPermGen       total 21248K, used 12723K [0x0000000080000000, 0x00000000814c0000, 0x0000000085200000)
  object space 21248K, 59% used [0x0000000080000000,0x0000000080c6cdc0,0x00000000814c0000)
Event: 1.222 GC heap after
Heap after GC invocations=1 (full 0):
 PSYoungGen      total 36736K, used 5178K [0x00000000d70b0000, 0x00000000d99a0000, 0x0000000100000000)
  eden space 31552K, 0% used [0x00000000d70b0000,0x00000000d70b0000,0x00000000d8f80000)
  from space 5184K, 99% used [0x00000000d8f80000,0x00000000d948eb08,0x00000000d9490000)
  to   space 5184K, 0% used [0x00000000d9490000,0x00000000d9490000,0x00000000d99a0000)
 ParOldGen       total 83904K, used 2365K [0x0000000085200000, 0x000000008a3f0000, 0x00000000d70b0000)
  object space 83904K, 2% used [0x0000000085200000,0x000000008544f7c0,0x000000008a3f0000)
 PSPermGen       total 21248K, used 12723K [0x0000000080000000, 0x00000000814c0000, 0x0000000085200000)
  object space 21248K, 59% used [0x0000000080000000,0x0000000080c6cdc0,0x00000000814c0000)
}
Event: 1.562 GC heap before
{Heap before GC invocations=2 (full 0):
 PSYoungGen      total 36736K, used 35660K [0x00000000d70b0000, 0x00000000d99a0000, 0x0000000100000000)
  eden space 31552K, 96% used [0x00000000d70b0000,0x00000000d8e746f8,0x00000000d8f80000)
  from space 5184K, 99% used [0x00000000d8f80000,0x00000000d948eb08,0x00000000d9490000)
  to   space 5184K, 0% used [0x00000000d9490000,0x00000000d9490000,0x00000000d99a0000)
 ParOldGen       total 83904K, used 2365K [0x0000000085200000, 0x000000008a3f0000, 0x00000000d70b0000)
  object space 83904K, 2% used [0x0000000085200000,0x000000008544f7c0,0x000000008a3f0000)
 PSPermGen       total 21248K, used 14273K [0x0000000080000000, 0x00000000814c0000, 0x0000000085200000)
  object space 21248K, 67% used [0x0000000080000000,0x0000000080df04e0,0x00000000814c0000)
Event: 1.578 GC heap after
Heap after GC invocations=2 (full 0):
 PSYoungGen      total 36736K, used 5177K [0x00000000d70b0000, 0x00000000db870000, 0x0000000100000000)
  eden space 31552K, 0% used [0x00000000d70b0000,0x00000000d70b0000,0x00000000d8f80000)
  from space 5184K, 99% used [0x00000000d9490000,0x00000000d999e6e8,0x00000000d99a0000)
  to   space 5184K, 0% used [0x00000000d8f80000,0x00000000d8f80000,0x00000000d9490000)
 ParOldGen       total 83904K, used 7527K [0x0000000085200000, 0x000000008a3f0000, 0x00000000d70b0000)
  object space 83904K, 8% used [0x0000000085200000,0x0000000085959ef0,0x000000008a3f0000)
 PSPermGen       total 21248K, used 14273K [0x0000000080000000, 0x00000000814c0000, 0x0000000085200000)
  object space 21248K, 67% used [0x0000000080000000,0x0000000080df04e0,0x00000000814c0000)
}
Event: 1.615 GC heap before
{Heap before GC invocations=3 (full 0):
 PSYoungGen      total 36736K, used 36729K [0x00000000d70b0000, 0x00000000db870000, 0x0000000100000000)
  eden space 31552K, 100% used [0x00000000d70b0000,0x00000000d8f80000,0x00000000d8f80000)
  from space 5184K, 99% used [0x00000000d9490000,0x00000000d999e6e8,0x00000000d99a0000)
  to   space 5184K, 0% used [0x00000000d8f80000,0x00000000d8f80000,0x00000000d9490000)
 ParOldGen       total 83904K, used 7527K [0x0000000085200000, 0x000000008a3f0000, 0x00000000d70b0000)
  object space 83904K, 8% used [0x0000000085200000,0x0000000085959ef0,0x000000008a3f0000)
 PSPermGen       total 21248K, used 14491K [0x0000000080000000, 0x00000000814c0000, 0x0000000085200000)
  object space 21248K, 68% used [0x0000000080000000,0x0000000080e26ef8,0x00000000814c0000)
Event: 1.625 GC heap after
Heap after GC invocations=3 (full 0):
 PSYoungGen      total 36736K, used 5157K [0x00000000d70b0000, 0x00000000db870000, 0x0000000100000000)
  eden space 31552K, 0% used [0x00000000d70b0000,0x00000000d70b0000,0x00000000d8f80000)
  from space 5184K, 99% used [0x00000000d8f80000,0x00000000d9489740,0x00000000d9490000)
  to   space 5184K, 0% used [0x00000000db360000,0x00000000db360000,0x00000000db870000)
 ParOldGen       total 83904K, used 20492K [0x0000000085200000, 0x000000008a3f0000, 0x00000000d70b0000)
  object space 83904K, 24% used [0x0000000085200000,0x00000000866033b0,0x000000008a3f0000)
 PSPermGen       total 21248K, used 14491K [0x0000000080000000, 0x00000000814c0000, 0x0000000085200000)
  object space 21248K, 68% used [0x0000000080000000,0x0000000080e26ef8,0x00000000814c0000)
}
Event: 1.642 GC heap before
{Heap before GC invocations=4 (full 0):
 PSYoungGen      total 36736K, used 36443K [0x00000000d70b0000, 0x00000000db870000, 0x0000000100000000)
  eden space 31552K, 99% used [0x00000000d70b0000,0x00000000d8f3d800,0x00000000d8f80000)
  from space 5184K, 99% used [0x00000000d8f80000,0x00000000d9489740,0x00000000d9490000)
  to   space 5184K, 0% used [0x00000000db360000,0x00000000db360000,0x00000000db870000)
 ParOldGen       total 83904K, used 20492K [0x0000000085200000, 0x000000008a3f0000, 0x00000000d70b0000)
  object space 83904K, 24% used [0x0000000085200000,0x00000000866033b0,0x000000008a3f0000)
 PSPermGen       total 21248K, used 14491K [0x0000000080000000, 0x00000000814c0000, 0x0000000085200000)
  object space 21248K, 68% used [0x0000000080000000,0x0000000080e26fa0,0x00000000814c0000)
Event: 1.689 GC heap after
Heap after GC invocations=4 (full 0):
 PSYoungGen      total 68288K, used 5152K [0x00000000d70b0000, 0x00000000db870000, 0x0000000100000000)
  eden space 63104K, 0% used [0x00000000d70b0000,0x00000000d70b0000,0x00000000dae50000)
  from space 5184K, 99% used [0x00000000db360000,0x00000000db868100,0x00000000db870000)
  to   space 5184K, 0% used [0x00000000dae50000,0x00000000dae50000,0x00000000db360000)
 ParOldGen       total 83904K, used 26924K [0x0000000085200000, 0x000000008a3f0000, 0x00000000d70b0000)
  object space 83904K, 32% used [0x0000000085200000,0x0000000086c4b3b0,0x000000008a3f0000)
 PSPermGen       total 21248K, used 14491K [0x0000000080000000, 0x00000000814c0000, 0x0000000085200000)
  object space 21248K, 68% used [0x0000000080000000,0x0000000080e26fa0,0x00000000814c0000)
}
Event: 2.703 GC heap before
{Heap before GC invocations=5 (full 0):
 PSYoungGen      total 68288K, used 68256K [0x00000000d70b0000, 0x00000000db870000, 0x0000000100000000)
  eden space 63104K, 100% used [0x00000000d70b0000,0x00000000dae50000,0x00000000dae50000)
  from space 5184K, 99% used [0x00000000db360000,0x00000000db868100,0x00000000db870000)
  to   space 5184K, 0% used [0x00000000dae50000,0x00000000dae50000,0x00000000db360000)
 ParOldGen       total 83904K, used 26924K [0x0000000085200000, 0x000000008a3f0000, 0x00000000d70b0000)
  object space 83904K, 32% used [0x0000000085200000,0x0000000086c4b3b0,0x000000008a3f0000)
 PSPermGen       total 21248K, used 15448K [0x0000000080000000, 0x00000000814c0000, 0x0000000085200000)
  object space 21248K, 72% used [0x0000000080000000,0x0000000080f160c0,0x00000000814c0000)
Event: 2.727 GC heap after
Heap after GC invocations=5 (full 0):
 PSYoungGen      total 68288K, used 5164K [0x00000000d70b0000, 0x00000000e0f10000, 0x0000000100000000)
  eden space 63104K, 0% used [0x00000000d70b0000,0x00000000d70b0000,0x00000000dae50000)
  from space 5184K, 99% used [0x00000000dae50000,0x00000000db35b0a8,0x00000000db360000)
  to   space 17984K, 0% used [0x00000000dfd80000,0x00000000dfd80000,0x00000000e0f10000)
 ParOldGen       total 83904K, used 35722K [0x0000000085200000, 0x000000008a3f0000, 0x00000000d70b0000)
  object space 83904K, 42% used [0x0000000085200000,0x00000000874e2878,0x000000008a3f0000)
 PSPermGen       total 21248K, used 15448K [0x0000000080000000, 0x00000000814c0000, 0x0000000085200000)
  object space 21248K, 72% used [0x0000000080000000,0x0000000080f160c0,0x00000000814c0000)
}

Deoptimization events (10 events):
Event: 2.700 Thread 0x00007f4154938000 Uncommon trap -83 fr.pc 0x00007f419d135d34
Event: 2.777 Thread 0x00007f41a025d000 Uncommon trap -34 fr.pc 0x00007f419d11627c
Event: 2.783 Thread 0x00007f41a025d000 Uncommon trap -34 fr.pc 0x00007f419d137e58
Event: 2.783 Thread 0x00007f41a025d000 Uncommon trap -34 fr.pc 0x00007f419d137e58
Event: 2.783 Thread 0x00007f41a025d000 Uncommon trap -34 fr.pc 0x00007f419d13ace8
Event: 2.783 Thread 0x00007f41a025d000 Uncommon trap -34 fr.pc 0x00007f419d137e58
Event: 2.783 Thread 0x00007f41a025d000 Uncommon trap -34 fr.pc 0x00007f419d137e58
Event: 2.884 Thread 0x00007f41a025d000 Uncommon trap -34 fr.pc 0x00007f419d11627c
Event: 2.895 Thread 0x00007f41a025d000 Uncommon trap -34 fr.pc 0x00007f419d11627c
Event: 2.895 Thread 0x00007f41a025d000 Uncommon trap -34 fr.pc 0x00007f419d11627c

Internal exceptions (10 events):
Event: 2.784 Thread 0x00007f41a025d000 Threw 0x00000000d714d270 at /HUDSON/workspace/jdk7u11-2-build-linux-amd64-product/jdk7u11/hotspot/src/share/vm/prims/jvm.cpp:1166
Event: 2.785 Thread 0x00007f41a025d000 Threw 0x00000000d714f7b8 at /HUDSON/workspace/jdk7u11-2-build-linux-amd64-product/jdk7u11/hotspot/src/share/vm/prims/jvm.cpp:1166
Event: 2.785 Thread 0x00007f41a025d000 Threw 0x00000000d71527a0 at /HUDSON/workspace/jdk7u11-2-build-linux-amd64-product/jdk7u11/hotspot/src/share/vm/prims/jvm.cpp:1166
Event: 2.786 Thread 0x00007f41a025d000 Threw 0x00000000d7155148 at /HUDSON/workspace/jdk7u11-2-build-linux-amd64-product/jdk7u11/hotspot/src/share/vm/prims/jvm.cpp:1166
Event: 2.786 Thread 0x00007f41a025d000 Threw 0x00000000d71571b0 at /HUDSON/workspace/jdk7u11-2-build-linux-amd64-product/jdk7u11/hotspot/src/share/vm/prims/jvm.cpp:1166
Event: 2.801 Thread 0x00007f41a025d000 Threw 0x00000000d7158ed0 at /HUDSON/workspace/jdk7u11-2-build-linux-amd64-product/jdk7u11/hotspot/src/share/vm/prims/jvm.cpp:1166
Event: 2.810 Thread 0x00007f41a025d000 Threw 0x00000000d7164a18 at /HUDSON/workspace/jdk7u11-2-build-linux-amd64-product/jdk7u11/hotspot/src/share/vm/prims/jvm.cpp:1166
Event: 2.883 Thread 0x00007f41a025d000 Threw 0x00000000d717fe48 at /HUDSON/workspace/jdk7u11-2-build-linux-amd64-product/jdk7u11/hotspot/src/share/vm/prims/jvm.cpp:1166
Event: 2.883 Thread 0x00007f41a025d000 Threw 0x00000000d7181818 at /HUDSON/workspace/jdk7u11-2-build-linux-amd64-product/jdk7u11/hotspot/src/share/vm/prims/jvm.cpp:1166
Event: 2.895 Thread 0x00007f41a025d000 Threw 0x00000000d718ccf8 at /HUDSON/workspace/jdk7u11-2-build-linux-amd64-product/jdk7u11/hotspot/src/share/vm/prims/jvm.cpp:1166

Events (10 events):
Event: 2.883 loading class 0x00007f4154734750
Event: 2.883 loading class 0x00007f4154734750 done
Event: 2.884 Thread 0x00007f41a025d000 DEOPT PACKING pc=0x00007f419d11627c sp=0x00007f41770e4090
Event: 2.884 Thread 0x00007f41a025d000 DEOPT UNPACKING pc=0x00007f419d039145 sp=0x00007f41770e4058 mode 2
Event: 2.895 Thread 0x00007f41a025d000 DEOPT PACKING pc=0x00007f419d11627c sp=0x00007f41770e4090
Event: 2.895 Thread 0x00007f41a025d000 DEOPT UNPACKING pc=0x00007f419d039145 sp=0x00007f41770e4058 mode 2
Event: 2.895 Thread 0x00007f41a025d000 DEOPT PACKING pc=0x00007f419d11627c sp=0x00007f41770e4090
Event: 2.895 Thread 0x00007f41a025d000 DEOPT UNPACKING pc=0x00007f419d039145 sp=0x00007f41770e4058 mode 2
Event: 2.895 loading class 0x00007f41547346f0
Event: 2.895 loading class 0x00007f41547346f0 done


Dynamic libraries:
00400000-00401000 r-xp 00000000 08:05 9441334                            /home/matri/jmonkeyplatform/jdk/bin/java
00600000-00601000 rw-p 00000000 08:05 9441334                            /home/matri/jmonkeyplatform/jdk/bin/java
011da000-011fb000 rw-p 00000000 00:00 0                                  [heap]
80000000-814c0000 rw-p 00000000 00:00 0 
814c0000-85200000 rw-p 00000000 00:00 0 
85200000-8a3f0000 rw-p 00000000 00:00 0 
8a3f0000-d70b0000 rw-p 00000000 00:00 0 
d70b0000-e0f10000 rw-p 00000000 00:00 0 
e0f10000-100000000 rw-p 00000000 00:00 0 
7f4128000000-7f4128021000 rw-p 00000000 00:00 0 
7f4128021000-7f412c000000 ---p 00000000 00:00 0 
7f412c000000-7f412c0c7000 rw-p 00000000 00:00 0 
7f412c0c7000-7f4130000000 ---p 00000000 00:00 0 
7f4130000000-7f4130021000 rw-p 00000000 00:00 0 
7f4130021000-7f4134000000 ---p 00000000 00:00 0 
7f4134d4a000-7f4134e4b000 rw-s 00d5d000 00:05 12992                      /dev/ati/card0
7f4134e4b000-7f4135e4b000 rw-s 00d50000 00:05 12992                      /dev/ati/card0
7f4135e4b000-7f4135e4e000 ---p 00000000 00:00 0 
7f4135e4e000-7f4135f4c000 rw-p 00000000 00:00 0                          [stack:4523]
7f4135f4c000-7f4139f4d000 rw-s 00000000 00:11 70715                      /dev/shm/pulse-shm-2342689654
7f4139f4d000-7f4139f4e000 ---p 00000000 00:00 0 
7f4139f4e000-7f413a74e000 rw-p 00000000 00:00 0                          [stack:4521]
7f413a74e000-7f413a762000 r-xp 00000000 08:04 265404                     /usr/lib/libresolv-2.19.so
7f413a762000-7f413a961000 ---p 00014000 08:04 265404                     /usr/lib/libresolv-2.19.so
7f413a961000-7f413a962000 r--p 00013000 08:04 265404                     /usr/lib/libresolv-2.19.so
7f413a962000-7f413a963000 rw-p 00014000 08:04 265404                     /usr/lib/libresolv-2.19.so
7f413a963000-7f413a965000 rw-p 00000000 00:00 0 
7f413a965000-7f413a97a000 r-xp 00000000 08:04 265425                     /usr/lib/libnsl-2.19.so
7f413a97a000-7f413ab79000 ---p 00015000 08:04 265425                     /usr/lib/libnsl-2.19.so
7f413ab79000-7f413ab7a000 r--p 00014000 08:04 265425                     /usr/lib/libnsl-2.19.so
7f413ab7a000-7f413ab7b000 rw-p 00015000 08:04 265425                     /usr/lib/libnsl-2.19.so
7f413ab7b000-7f413ab7d000 rw-p 00000000 00:00 0 
7f413ab7d000-7f413ab83000 r-xp 00000000 08:04 293433                     /usr/lib/libogg.so.0.8.1
7f413ab83000-7f413ad82000 ---p 00006000 08:04 293433                     /usr/lib/libogg.so.0.8.1
7f413ad82000-7f413ad83000 r--p 00005000 08:04 293433                     /usr/lib/libogg.so.0.8.1
7f413ad83000-7f413ad84000 rw-p 00006000 08:04 293433                     /usr/lib/libogg.so.0.8.1
7f413ad84000-7f413adb0000 r-xp 00000000 08:04 293441                     /usr/lib/libvorbis.so.0.4.7
7f413adb0000-7f413afaf000 ---p 0002c000 08:04 293441                     /usr/lib/libvorbis.so.0.4.7
7f413afaf000-7f413afb0000 r--p 0002b000 08:04 293441                     /usr/lib/libvorbis.so.0.4.7
7f413afb0000-7f413afb1000 rw-p 0002c000 08:04 293441                     /usr/lib/libvorbis.so.0.4.7
7f413afb1000-7f413b03e000 r-xp 00000000 08:04 293443                     /usr/lib/libvorbisenc.so.2.0.10
7f413b03e000-7f413b23d000 ---p 0008d000 08:04 293443                     /usr/lib/libvorbisenc.so.2.0.10
7f413b23d000-7f413b259000 r--p 0008c000 08:04 293443                     /usr/lib/libvorbisenc.so.2.0.10
7f413b259000-7f413b25a000 rw-p 000a8000 08:04 293443                     /usr/lib/libvorbisenc.so.2.0.10
7f413b25a000-7f413b28b000 r-xp 00000000 08:04 293577                     /usr/lib/libFLAC.so.8.3.0
7f413b28b000-7f413b48a000 ---p 00031000 08:04 293577                     /usr/lib/libFLAC.so.8.3.0
7f413b48a000-7f413b48b000 r--p 00030000 08:04 293577                     /usr/lib/libFLAC.so.8.3.0
7f413b48b000-7f413b48c000 rw-p 00031000 08:04 293577                     /usr/lib/libFLAC.so.8.3.0
7f413b48c000-7f413b490000 r-xp 00000000 08:04 273252                     /usr/lib/libgpg-error.so.0.10.0
7f413b490000-7f413b68f000 ---p 00004000 08:04 273252                     /usr/lib/libgpg-error.so.0.10.0
7f413b68f000-7f413b690000 r--p 00003000 08:04 273252                     /usr/lib/libgpg-error.so.0.10.0
7f413b690000-7f413b691000 rw-p 00004000 08:04 273252                     /usr/lib/libgpg-error.so.0.10.0
7f413b691000-7f413b766000 r-xp 00000000 08:04 273266                     /usr/lib/libgcrypt.so.20.0.1
7f413b766000-7f413b965000 ---p 000d5000 08:04 273266                     /usr/lib/libgcrypt.so.20.0.1
7f413b965000-7f413b966000 r--p 000d4000 08:04 273266                     /usr/lib/libgcrypt.so.20.0.1
7f413b966000-7f413b96e000 rw-p 000d5000 08:04 273266                     /usr/lib/libgcrypt.so.20.0.1
7f413b96e000-7f413b96f000 rw-p 00000000 00:00 0 
7f413b96f000-7f413b990000 r-xp 00000000 08:04 273655                     /usr/lib/liblzma.so.5.0.5
7f413b990000-7f413bb90000 ---p 00021000 08:04 273655                     /usr/lib/liblzma.so.5.0.5
7f413bb90000-7f413bb91000 r--p 00021000 08:04 273655                     /usr/lib/liblzma.so.5.0.5
7f413bb91000-7f413bb92000 rw-p 00022000 08:04 273655                     /usr/lib/liblzma.so.5.0.5
7f413bb92000-7f413bb97000 r-xp 00000000 08:04 293571                     /usr/lib/libasyncns.so.0.3.1
7f413bb97000-7f413bd96000 ---p 00005000 08:04 293571                     /usr/lib/libasyncns.so.0.3.1
7f413bd96000-7f413bd97000 r--p 00004000 08:04 293571                     /usr/lib/libasyncns.so.0.3.1
7f413bd97000-7f413bd98000 rw-p 00005000 08:04 293571                     /usr/lib/libasyncns.so.0.3.1
7f413bd98000-7f413bdf9000 r-xp 00000000 08:04 293610                     /usr/lib/libsndfile.so.1.0.25
7f413bdf9000-7f413bff9000 ---p 00061000 08:04 293610                     /usr/lib/libsndfile.so.1.0.25
7f413bff9000-7f413bffb000 r--p 00061000 08:04 293610                     /usr/lib/libsndfile.so.1.0.25
7f413bffb000-7f413bffc000 rw-p 00063000 08:04 293610                     /usr/lib/libsndfile.so.1.0.25
7f413bffc000-7f413c000000 rw-p 00000000 00:00 0 
7f413c000000-7f413c237000 rw-p 00000000 00:00 0 
7f413c237000-7f4140000000 ---p 00000000 00:00 0 
7f4140000000-7f4140021000 rw-p 00000000 00:00 0 
7f4140021000-7f4144000000 ---p 00000000 00:00 0 
7f41440c1000-7f41440c2000 ---p 00000000 00:00 0 
7f41440c2000-7f41441c2000 rw-p 00000000 00:00 0                          [stack:4522]
7f41441c2000-7f4144208000 r-xp 00000000 08:04 272846                     /usr/lib/libdbus-1.so.3.8.3
7f4144208000-7f4144408000 ---p 00046000 08:04 272846                     /usr/lib/libdbus-1.so.3.8.3
7f4144408000-7f4144409000 r--p 00046000 08:04 272846                     /usr/lib/libdbus-1.so.3.8.3
7f4144409000-7f414440a000 rw-p 00047000 08:04 272846                     /usr/lib/libdbus-1.so.3.8.3
7f414440a000-7f414447b000 r-xp 00000000 08:04 293693                     /usr/lib/pulseaudio/libpulsecommon-5.0.so
7f414447b000-7f414467b000 ---p 00071000 08:04 293693                     /usr/lib/pulseaudio/libpulsecommon-5.0.so
7f414467b000-7f414467c000 r--p 00071000 08:04 293693                     /usr/lib/pulseaudio/libpulsecommon-5.0.so
7f414467c000-7f414467e000 rw-p 00072000 08:04 293693                     /usr/lib/pulseaudio/libpulsecommon-5.0.so
7f414467e000-7f4144688000 r-xp 00000000 08:04 293632                     /usr/lib/libjson-c.so.2.0.1
7f4144688000-7f4144887000 ---p 0000a000 08:04 293632                     /usr/lib/libjson-c.so.2.0.1
7f4144887000-7f4144888000 r--p 00009000 08:04 293632                     /usr/lib/libjson-c.so.2.0.1
7f4144888000-7f4144889000 rw-p 0000a000 08:04 293632                     /usr/lib/libjson-c.so.2.0.1
7f4144889000-7f41448d3000 r-xp 00000000 08:04 293683                     /usr/lib/libpulse.so.0.17.3
7f41448d3000-7f4144ad2000 ---p 0004a000 08:04 293683                     /usr/lib/libpulse.so.0.17.3
7f4144ad2000-7f4144ad3000 r--p 00049000 08:04 293683                     /usr/lib/libpulse.so.0.17.3
7f4144ad3000-7f4144ad4000 rw-p 0004a000 08:04 293683                     /usr/lib/libpulse.so.0.17.3
7f4144ad4000-7f4144b29000 r-xp 00000000 08:05 9176968                    /home/matri/jMEProjects/TSA/libopenal64.so
7f4144b29000-7f4144d28000 ---p 00055000 08:05 9176968                    /home/matri/jMEProjects/TSA/libopenal64.so
7f4144d28000-7f4144d2b000 r--p 00054000 08:05 9176968                    /home/matri/jMEProjects/TSA/libopenal64.so
7f4144d2b000-7f4144d2c000 rw-p 00057000 08:05 9176968                    /home/matri/jMEProjects/TSA/libopenal64.so
7f4144d2c000-7f4144d2d000 rw-p 00000000 00:00 0 
7f4144d2d000-7f4144d30000 ---p 00000000 00:00 0 
7f4144d30000-7f4144e2e000 rw-p 00000000 00:00 0                          [stack:4519]
7f4144e2e000-7f414552e000 rw-s 00006000 00:05 12992                      /dev/ati/card0
7f41455de000-7f4145605000 r-xp 00000000 08:04 340838                     /usr/lib/libsystemd-journal.so.0.11.5
7f4145605000-7f4145606000 r--p 00026000 08:04 340838                     /usr/lib/libsystemd-journal.so.0.11.5
7f4145606000-7f4145607000 rw-p 00027000 08:04 340838                     /usr/lib/libsystemd-journal.so.0.11.5
7f4145643000-7f4145683000 rw-s 0001a000 00:05 12992                      /dev/ati/card0
7f4145683000-7f41458c3000 rw-p 00000000 00:00 0 
7f41458c3000-7f41458c5000 r-xp 00000000 08:04 286265                     /usr/lib/libXinerama.so.1.0.0
7f41458c5000-7f4145ac4000 ---p 00002000 08:04 286265                     /usr/lib/libXinerama.so.1.0.0
7f4145ac4000-7f4145ac5000 r--p 00001000 08:04 286265                     /usr/lib/libXinerama.so.1.0.0
7f4145ac5000-7f4145ac6000 rw-p 00002000 08:04 286265                     /usr/lib/libXinerama.so.1.0.0
7f4145ac6000-7f4147c1d000 r-xp 00000000 08:04 315493                     /usr/lib/xorg/modules/dri/fglrx_dri.so
7f4147c1d000-7f4147d1c000 ---p 02157000 08:04 315493                     /usr/lib/xorg/modules/dri/fglrx_dri.so
7f4147d1c000-7f4147ec8000 rwxp 02156000 08:04 315493                     /usr/lib/xorg/modules/dri/fglrx_dri.so
7f4147ec8000-7f4148000000 rwxp 00000000 00:00 0 
7f4148000000-7f4148021000 rw-p 00000000 00:00 0 
7f4148021000-7f414c000000 ---p 00000000 00:00 0 
7f414c000000-7f414c021000 rw-p 00000000 00:00 0 
7f414c021000-7f4150000000 ---p 00000000 00:00 0 
7f4150000000-7f4150021000 rw-p 00000000 00:00 0 
7f4150021000-7f4154000000 ---p 00000000 00:00 0 
7f4154000000-7f415542d000 rw-p 00000000 00:00 0 
7f415542d000-7f4158000000 ---p 00000000 00:00 0 
7f4158000000-7f4158ce5000 rw-p 00000000 00:00 0 
7f4158ce5000-7f415c000000 ---p 00000000 00:00 0 
7f415c000000-7f415c021000 rw-p 00000000 00:00 0 
7f415c021000-7f4160000000 ---p 00000000 00:00 0 
7f4160000000-7f4160021000 rw-p 00000000 00:00 0 
7f4160021000-7f4164000000 ---p 00000000 00:00 0 
7f4164000000-7f4165004000 rw-p 00000000 00:00 0 
7f4165004000-7f4168000000 ---p 00000000 00:00 0 
7f4168000000-7f4168021000 rw-p 00000000 00:00 0 
7f4168021000-7f416c000000 ---p 00000000 00:00 0 
7f416c000000-7f416c021000 rw-p 00000000 00:00 0 
7f416c021000-7f4170000000 ---p 00000000 00:00 0 
7f4170000000-7f4170021000 rw-p 00000000 00:00 0 
7f4170021000-7f4174000000 ---p 00000000 00:00 0 
7f4174011000-7f4174051000 rw-p 00000000 00:00 0 
7f4174051000-7f4174066000 r-xp 00000000 08:04 268436                     /usr/lib/libgcc_s.so.1
7f4174066000-7f4174266000 ---p 00015000 08:04 268436                     /usr/lib/libgcc_s.so.1
7f4174266000-7f4174267000 rw-p 00015000 08:04 268436                     /usr/lib/libgcc_s.so.1
7f4174267000-7f417434d000 r-xp 00000000 08:04 268444                     /usr/lib/libstdc++.so.6.0.19
7f417434d000-7f417454c000 ---p 000e6000 08:04 268444                     /usr/lib/libstdc++.so.6.0.19
7f417454c000-7f4174554000 r--p 000e5000 08:04 268444                     /usr/lib/libstdc++.so.6.0.19
7f4174554000-7f4174556000 rw-p 000ed000 08:04 268444                     /usr/lib/libstdc++.so.6.0.19
7f4174556000-7f417456b000 rw-p 00000000 00:00 0 
7f417456b000-7f417460c000 r-xp 00000000 08:04 315471                     /usr/lib/libatiadlxx.so
7f417460c000-7f417470c000 ---p 000a1000 08:04 315471                     /usr/lib/libatiadlxx.so
7f417470c000-7f417470f000 rw-p 000a1000 08:04 315471                     /usr/lib/libatiadlxx.so
7f417470f000-7f417471f000 rw-p 00000000 00:00 0 
7f417471f000-7f417472e000 r-xp 00000000 08:04 315459                     /usr/lib/libatiuki.so.1.0
7f417472e000-7f417482e000 ---p 0000f000 08:04 315459                     /usr/lib/libatiuki.so.1.0
7f417482e000-7f417483b000 rw-p 0000f000 08:04 315459                     /usr/lib/libatiuki.so.1.0
7f417483b000-7f417483c000 rw-p 00000000 00:00 0 
7f4174858000-7f4174878000 rw-s 00004000 00:05 12992                      /dev/ati/card0
7f4174878000-7f4174914000 r-xp 00000000 08:04 685051                     /usr/lib/catalystpxp/fglrx/fglrx-libGL.so.1.2
7f4174914000-7f4174a14000 ---p 0009c000 08:04 685051                     /usr/lib/catalystpxp/fglrx/fglrx-libGL.so.1.2
7f4174a14000-7f4174a3d000 rwxp 0009c000 08:04 685051                     /usr/lib/catalystpxp/fglrx/fglrx-libGL.so.1.2
7f4174a3d000-7f4174a5a000 rwxp 00000000 00:00 0 
7f4174a5a000-7f4174a5f000 r-xp 00000000 08:04 285746                     /usr/lib/libXxf86vm.so.1.0.0
7f4174a5f000-7f4174c5e000 ---p 00005000 08:04 285746                     /usr/lib/libXxf86vm.so.1.0.0
7f4174c5e000-7f4174c5f000 r--p 00004000 08:04 285746                     /usr/lib/libXxf86vm.so.1.0.0
7f4174c5f000-7f4174c60000 rw-p 00005000 08:04 285746                     /usr/lib/libXxf86vm.so.1.0.0
7f4174c60000-7f4174c69000 r-xp 00000000 08:04 286241                     /usr/lib/libXrandr.so.2.2.0
7f4174c69000-7f4174e68000 ---p 00009000 08:04 286241                     /usr/lib/libXrandr.so.2.2.0
7f4174e68000-7f4174e69000 r--p 00008000 08:04 286241                     /usr/lib/libXrandr.so.2.2.0
7f4174e69000-7f4174e6a000 rw-p 00009000 08:04 286241                     /usr/lib/libXrandr.so.2.2.0
7f4174e6a000-7f4174ed4000 r-xp 00000000 08:05 9176967                    /home/matri/jMEProjects/TSA/liblwjgl64.so
7f4174ed4000-7f41750d4000 ---p 0006a000 08:05 9176967                    /home/matri/jMEProjects/TSA/liblwjgl64.so
7f41750d4000-7f41750d6000 r--p 0006a000 08:05 9176967                    /home/matri/jMEProjects/TSA/liblwjgl64.so
7f41750d6000-7f41750d7000 rw-p 0006c000 08:05 9176967                    /home/matri/jMEProjects/TSA/liblwjgl64.so
7f41750d7000-7f41750d8000 r-xp 00000000 08:05 9442107                    /home/matri/jmonkeyplatform/jdk/jre/lib/amd64/libjawt.so
7f41750d8000-7f41752d7000 ---p 00001000 08:05 9442107                    /home/matri/jmonkeyplatform/jdk/jre/lib/amd64/libjawt.so
7f41752d7000-7f41752d8000 rw-p 00000000 08:05 9442107                    /home/matri/jmonkeyplatform/jdk/jre/lib/amd64/libjawt.so
7f41752d8000-7f41752db000 ---p 00000000 00:00 0 
7f41752db000-7f41753d9000 rw-p 00000000 00:00 0                          [stack:4515]
7f41753d9000-7f41753de000 r-xp 00000000 08:04 286298                     /usr/lib/libXfixes.so.3.1.0
7f41753de000-7f41755dd000 ---p 00005000 08:04 286298                     /usr/lib/libXfixes.so.3.1.0
7f41755dd000-7f41755de000 r--p 00004000 08:04 286298                     /usr/lib/libXfixes.so.3.1.0
7f41755de000-7f41755df000 rw-p 00005000 08:04 286298                     /usr/lib/libXfixes.so.3.1.0
7f41755df000-7f41755e9000 r-xp 00000000 08:04 286335                     /usr/lib/libXcursor.so.1.0.2
7f41755e9000-7f41757e8000 ---p 0000a000 08:04 286335                     /usr/lib/libXcursor.so.1.0.2
7f41757e8000-7f41757e9000 r--p 00009000 08:04 286335                     /usr/lib/libXcursor.so.1.0.2
7f41757e9000-7f41757ea000 rw-p 0000a000 08:04 286335                     /usr/lib/libXcursor.so.1.0.2
7f41757ea000-7f41757ed000 ---p 00000000 00:00 0 
7f41757ed000-7f41758eb000 rw-p 00000000 00:00 0                          [stack:4514]
7f41758eb000-7f41758f0000 r-xp 00000000 08:04 280770                     /usr/lib/libXdmcp.so.6.0.0
7f41758f0000-7f4175aef000 ---p 00005000 08:04 280770                     /usr/lib/libXdmcp.so.6.0.0
7f4175aef000-7f4175af0000 r--p 00004000 08:04 280770                     /usr/lib/libXdmcp.so.6.0.0
7f4175af0000-7f4175af1000 rw-p 00005000 08:04 280770                     /usr/lib/libXdmcp.so.6.0.0
7f4175af1000-7f4175af3000 r-xp 00000000 08:04 280967                     /usr/lib/libXau.so.6.0.0
7f4175af3000-7f4175cf3000 ---p 00002000 08:04 280967                     /usr/lib/libXau.so.6.0.0
7f4175cf3000-7f4175cf4000 r--p 00002000 08:04 280967                     /usr/lib/libXau.so.6.0.0
7f4175cf4000-7f4175cf5000 rw-p 00003000 08:04 280967                     /usr/lib/libXau.so.6.0.0
7f4175cf5000-7f4175d13000 r-xp 00000000 08:04 283392                     /usr/lib/libxcb.so.1.1.0
7f4175d13000-7f4175f13000 ---p 0001e000 08:04 283392                     /usr/lib/libxcb.so.1.1.0
7f4175f13000-7f4175f14000 r--p 0001e000 08:04 283392                     /usr/lib/libxcb.so.1.1.0
7f4175f14000-7f4175f15000 rw-p 0001f000 08:04 283392                     /usr/lib/libxcb.so.1.1.0
7f4175f15000-7f4175f24000 r-xp 00000000 08:04 286224                     /usr/lib/libXi.so.6.1.0
7f4175f24000-7f4176123000 ---p 0000f000 08:04 286224                     /usr/lib/libXi.so.6.1.0
7f4176123000-7f4176124000 r--p 0000e000 08:04 286224                     /usr/lib/libXi.so.6.1.0
7f4176124000-7f4176125000 rw-p 0000f000 08:04 286224                     /usr/lib/libXi.so.6.1.0
7f4176125000-7f417612a000 r-xp 00000000 08:04 286616                     /usr/lib/libXtst.so.6.1.0
7f417612a000-7f4176329000 ---p 00005000 08:04 286616                     /usr/lib/libXtst.so.6.1.0
7f4176329000-7f417632a000 r--p 00004000 08:04 286616                     /usr/lib/libXtst.so.6.1.0
7f417632a000-7f417632b000 rw-p 00005000 08:04 286616                     /usr/lib/libXtst.so.6.1.0
7f417632b000-7f4176334000 r-xp 00000000 08:04 286234                     /usr/lib/libXrender.so.1.3.0
7f4176334000-7f4176533000 ---p 00009000 08:04 286234                     /usr/lib/libXrender.so.1.3.0
7f4176533000-7f4176534000 r--p 00008000 08:04 286234                     /usr/lib/libXrender.so.1.3.0
7f4176534000-7f4176535000 rw-p 00009000 08:04 286234                     /usr/lib/libXrender.so.1.3.0
7f4176535000-7f417666a000 r-xp 00000000 08:04 283530                     /usr/lib/libX11.so.6.3.0
7f417666a000-7f417686a000 ---p 00135000 08:04 283530                     /usr/lib/libX11.so.6.3.0
7f417686a000-7f417686b000 r--p 00135000 08:04 283530                     /usr/lib/libX11.so.6.3.0
7f417686b000-7f4176870000 rw-p 00136000 08:04 283530                     /usr/lib/libX11.so.6.3.0
7f4176870000-7f4176881000 r-xp 00000000 08:04 285712                     /usr/lib/libXext.so.6.4.0
7f4176881000-7f4176a80000 ---p 00011000 08:04 285712                     /usr/lib/libXext.so.6.4.0
7f4176a80000-7f4176a81000 r--p 00010000 08:04 285712                     /usr/lib/libXext.so.6.4.0
7f4176a81000-7f4176a82000 rw-p 00011000 08:04 285712                     /usr/lib/libXext.so.6.4.0
7f4176a92000-7f4176a93000 rw-p 00000000 00:00 0 
7f4176a93000-7f4176a94000 rw-s 00005000 00:05 12992                      /dev/ati/card0
7f4176a94000-7f4176a96000 rw-s 00002000 00:05 12992                      /dev/ati/card0
7f4176a96000-7f4176a99000 ---p 00000000 00:00 0 
7f4176a99000-7f4176abe000 rw-p 00000000 00:00 0                          [stack:4517]
7f4176abe000-7f4176b0e000 r-xp 00000000 08:05 9442110                    /home/matri/jmonkeyplatform/jdk/jre/lib/amd64/xawt/libmawt.so
7f4176b0e000-7f4176d0e000 ---p 00050000 08:05 9442110                    /home/matri/jmonkeyplatform/jdk/jre/lib/amd64/xawt/libmawt.so
7f4176d0e000-7f4176d12000 rw-p 00050000 08:05 9442110                    /home/matri/jmonkeyplatform/jdk/jre/lib/amd64/xawt/libmawt.so
7f4176d12000-7f4176d13000 rw-p 00000000 00:00 0 
7f4176d13000-7f4176db5000 r-xp 00000000 08:05 9442129                    /home/matri/jmonkeyplatform/jdk/jre/lib/amd64/libawt.so
7f4176db5000-7f4176fb5000 ---p 000a2000 08:05 9442129                    /home/matri/jmonkeyplatform/jdk/jre/lib/amd64/libawt.so
7f4176fb5000-7f4176fc1000 rw-p 000a2000 08:05 9442129                    /home/matri/jmonkeyplatform/jdk/jre/lib/amd64/libawt.so
7f4176fc1000-7f4176fe5000 rw-p 00000000 00:00 0 
7f4176fe5000-7f4176fe8000 ---p 00000000 00:00 0 
7f4176fe8000-7f4177117000 rw-p 00000000 00:00 0                          [stack:4513]
7f4177117000-7f417712c000 r-xp 00000000 08:05 9442106                    /home/matri/jmonkeyplatform/jdk/jre/lib/amd64/libnet.so
7f417712c000-7f417732c000 ---p 00015000 08:05 9442106                    /home/matri/jmonkeyplatform/jdk/jre/lib/amd64/libnet.so
7f417732c000-7f417732d000 rw-p 00015000 08:05 9442106                    /home/matri/jmonkeyplatform/jdk/jre/lib/amd64/libnet.so
7f417732d000-7f417733d000 r-xp 00000000 08:05 9442118                    /home/matri/jmonkeyplatform/jdk/jre/lib/amd64/libnio.so
7f417733d000-7f417753d000 ---p 00010000 08:05 9442118                    /home/matri/jmonkeyplatform/jdk/jre/lib/amd64/libnio.so
7f417753d000-7f417753e000 rw-p 00010000 08:05 9442118                    /home/matri/jmonkeyplatform/jdk/jre/lib/amd64/libnio.so
7f417753e000-7f417753f000 ---p 00000000 00:00 0 
7f417753f000-7f417763f000 rw-p 00000000 00:00 0                          [stack:4511]
7f417763f000-7f4177642000 ---p 00000000 00:00 0 
7f4177642000-7f4177740000 rw-p 00000000 00:00 0                          [stack:4510]
7f4177740000-7f4177743000 ---p 00000000 00:00 0 
7f4177743000-7f4177841000 rw-p 00000000 00:00 0                          [stack:4509]
7f4177841000-7f4177844000 ---p 00000000 00:00 0 
7f4177844000-7f4177942000 rw-p 00000000 00:00 0                          [stack:4508]
7f4177942000-7f4177945000 ---p 00000000 00:00 0 
7f4177945000-7f4177a43000 rw-p 00000000 00:00 0                          [stack:4507]
7f4177a43000-7f4177cfd000 r--p 00000000 08:04 340799                     /usr/lib/locale/locale-archive
7f4177cfd000-7f4177d00000 ---p 00000000 00:00 0 
7f4177d00000-7f4177dfe000 rw-p 00000000 00:00 0                          [stack:4506]
7f4177dfe000-7f4177e01000 ---p 00000000 00:00 0 
7f4177e01000-7f4177eff000 rw-p 00000000 00:00 0                          [stack:4505]
7f4177eff000-7f4177f00000 ---p 00000000 00:00 0 
7f4177f00000-7f417c000000 rw-p 00000000 00:00 0                          [stack:4504]
7f417c000000-7f417c021000 rw-p 00000000 00:00 0 
7f417c021000-7f4180000000 ---p 00000000 00:00 0 
7f4180000000-7f41800e1000 rw-p 00000000 00:00 0 
7f41800e1000-7f4184000000 ---p 00000000 00:00 0 
7f4184000000-7f4184021000 rw-p 00000000 00:00 0 
7f4184021000-7f4188000000 ---p 00000000 00:00 0 
7f4188000000-7f4188021000 rw-p 00000000 00:00 0 
7f4188021000-7f418c000000 ---p 00000000 00:00 0 
7f418c000000-7f418c021000 rw-p 00000000 00:00 0 
7f418c021000-7f4190000000 ---p 00000000 00:00 0 
7f4190000000-7f4190021000 rw-p 00000000 00:00 0 
7f4190021000-7f4194000000 ---p 00000000 00:00 0 
7f4194000000-7f4194021000 rw-p 00000000 00:00 0 
7f4194021000-7f4198000000 ---p 00000000 00:00 0 
7f4198000000-7f4198021000 rw-p 00000000 00:00 0 
7f4198021000-7f419c000000 ---p 00000000 00:00 0 
7f419c000000-7f419c003000 r--s 000f7000 08:05 9441483                    /home/matri/jmonkeyplatform/jdk/jre/lib/ext/localedata.jar
7f419c003000-7f419c005000 r--s 000b0000 08:05 9702556                    /home/matri/.jmonkeyplatform/3.0/libs/cubes-assets.jar
7f419c005000-7f419c007000 r--s 0001b000 08:05 9702550                    /home/matri/.jmonkeyplatform/3.0/libs/Cubes.jar
7f419c007000-7f419c00d000 r--s 00056000 08:05 9700505                    /home/matri/.jmonkeyplatform/3.0/libs/ShaderBlow.jar
7f419c00d000-7f419c014000 r--s 0286f000 08:05 9702692                    /home/matri/.jmonkeyplatform/3.0/libs/jME3-testdata.jar
7f419c014000-7f419c017000 r--s 0001a000 08:05 9702587                    /home/matri/.jmonkeyplatform/3.0/libs/xmlpull-xpp3.jar
7f419c017000-7f419c019000 r--s 00012000 08:05 9702566                    /home/matri/.jmonkeyplatform/3.0/libs/eventbus.jar
7f419c019000-7f419c01b000 r--s 00010000 08:05 9702583                    /home/matri/.jmonkeyplatform/3.0/libs/nifty-style-black.jar
7f419c01b000-7f419c023000 r--s 00039000 08:05 9702581                    /home/matri/.jmonkeyplatform/3.0/libs/nifty-default-controls.jar
7f419c023000-7f419c02f000 r--s 00076000 08:05 9702584                    /home/matri/.jmonkeyplatform/3.0/libs/nifty.jar
7f419c02f000-7f419c030000 r--s 00008000 08:05 9702637                    /home/matri/.jmonkeyplatform/3.0/libs/jME3-niftygui.jar
7f419c030000-7f419c03a000 r--s 00079000 08:05 9702574                    /home/matri/.jmonkeyplatform/3.0/libs/jbullet.jar
7f419c03a000-7f419c03e000 r--s 00025000 08:05 9702632                    /home/matri/.jmonkeyplatform/3.0/libs/jME3-jbullet.jar
7f419c03e000-7f419c04c000 r--s 000e2000 08:05 9702579                    /home/matri/.jmonkeyplatform/3.0/libs/lwjgl.jar
7f419c04c000-7f419d000000 rw-p 00000000 00:00 0 
7f419d000000-7f419d270000 rwxp 00000000 00:00 0 
7f419d270000-7f41a0269000 rw-p 00000000 00:00 0 
7f41a0269000-7f41a4000000 ---p 00000000 00:00 0 
7f41a4000000-7f41a4001000 r--s 0000b000 08:05 9702585                    /home/matri/.jmonkeyplatform/3.0/libs/stack-alloc.jar
7f41a4001000-7f41a4003000 r--s 0003c000 08:05 9702586                    /home/matri/.jmonkeyplatform/3.0/libs/vecmath.jar
7f41a4003000-7f41a4007000 r--s 00030000 08:05 9702576                    /home/matri/.jmonkeyplatform/3.0/libs/jinput.jar
7f41a4007000-7f41a4009000 r--s 00243000 08:05 9702572                    /home/matri/.jmonkeyplatform/3.0/libs/jME3-lwjgl-natives.jar
7f41a4009000-7f41a400b000 r--s 00017000 08:05 9702635                    /home/matri/.jmonkeyplatform/3.0/libs/jME3-lwjgl.jar
7f41a400b000-7f41a400f000 r--s 00023000 08:05 9702639                    /home/matri/.jmonkeyplatform/3.0/libs/jME3-terrain.jar
7f41a400f000-7f41a4020000 r--s 0011b000 08:05 9702628                    /home/matri/.jmonkeyplatform/3.0/libs/jME3-core.jar
7f41a4020000-7f41a4c8f000 rw-p 00000000 00:00 0 
7f41a4c8f000-7f41a4e4c000 r--s 039dc000 08:05 9441371                    /home/matri/jmonkeyplatform/jdk/jre/lib/rt.jar
7f41a4e4c000-7f41a5e4c000 rw-p 00000000 00:00 0 
7f41a5e4c000-7f41a5e4d000 ---p 00000000 00:00 0 
7f41a5e4d000-7f41a5f4d000 rw-p 00000000 00:00 0                          [stack:4503]
7f41a5f4d000-7f41a5f4e000 ---p 00000000 00:00 0 
7f41a5f4e000-7f41a604e000 rw-p 00000000 00:00 0                          [stack:4502]
7f41a604e000-7f41a604f000 ---p 00000000 00:00 0 
7f41a604f000-7f41a614f000 rw-p 00000000 00:00 0                          [stack:4501]
7f41a614f000-7f41a6150000 ---p 00000000 00:00 0 
7f41a6150000-7f41a6250000 rw-p 00000000 00:00 0                          [stack:4500]
7f41a6250000-7f41a6251000 ---p 00000000 00:00 0 
7f41a6251000-7f41a6351000 rw-p 00000000 00:00 0                          [stack:4499]
7f41a6351000-7f41a6352000 ---p 00000000 00:00 0 
7f41a6352000-7f41a6452000 rw-p 00000000 00:00 0                          [stack:4498]
7f41a6452000-7f41a6453000 ---p 00000000 00:00 0 
7f41a6453000-7f41a6553000 rw-p 00000000 00:00 0                          [stack:4497]
7f41a6553000-7f41a6554000 ---p 00000000 00:00 0 
7f41a6554000-7f41a667d000 rw-p 00000000 00:00 0                          [stack:4496]
7f41a667d000-7f41a68e4000 rw-p 00000000 00:00 0 
7f41a68e4000-7f41a68ef000 rw-p 00000000 00:00 0 
7f41a68ef000-7f41a690d000 rw-p 00000000 00:00 0 
7f41a690d000-7f41a6936000 rw-p 00000000 00:00 0 
7f41a6936000-7f41a6b9c000 rw-p 00000000 00:00 0 
7f41a6b9c000-7f41a6bec000 rw-p 00000000 00:00 0 
7f41a6bec000-7f41a6ce4000 rw-p 00000000 00:00 0 
7f41a6ce4000-7f41a6cef000 rw-p 00000000 00:00 0 
7f41a6cef000-7f41a6da5000 rw-p 00000000 00:00 0 
7f41a6da5000-7f41a6dbf000 r-xp 00000000 08:05 9442142                    /home/matri/jmonkeyplatform/jdk/jre/lib/amd64/libzip.so
7f41a6dbf000-7f41a6fbf000 ---p 0001a000 08:05 9442142                    /home/matri/jmonkeyplatform/jdk/jre/lib/amd64/libzip.so
7f41a6fbf000-7f41a6fc0000 rw-p 0001a000 08:05 9442142                    /home/matri/jmonkeyplatform/jdk/jre/lib/amd64/libzip.so
7f41a6fc0000-7f41a6fcb000 r-xp 00000000 08:04 265452                     /usr/lib/libnss_files-2.19.so
7f41a6fcb000-7f41a71ca000 ---p 0000b000 08:04 265452                     /usr/lib/libnss_files-2.19.so
7f41a71ca000-7f41a71cb000 r--p 0000a000 08:04 265452                     /usr/lib/libnss_files-2.19.so
7f41a71cb000-7f41a71cc000 rw-p 0000b000 08:04 265452                     /usr/lib/libnss_files-2.19.so
7f41a71cc000-7f41a71f5000 r-xp 00000000 08:05 9442127                    /home/matri/jmonkeyplatform/jdk/jre/lib/amd64/libjava.so
7f41a71f5000-7f41a73f5000 ---p 00029000 08:05 9442127                    /home/matri/jmonkeyplatform/jdk/jre/lib/amd64/libjava.so
7f41a73f5000-7f41a73f7000 rw-p 00029000 08:05 9442127                    /home/matri/jmonkeyplatform/jdk/jre/lib/amd64/libjava.so
7f41a73f7000-7f41a7404000 r-xp 00000000 08:05 9442136                    /home/matri/jmonkeyplatform/jdk/jre/lib/amd64/libverify.so
7f41a7404000-7f41a7603000 ---p 0000d000 08:05 9442136                    /home/matri/jmonkeyplatform/jdk/jre/lib/amd64/libverify.so
7f41a7603000-7f41a7605000 rw-p 0000c000 08:05 9442136                    /home/matri/jmonkeyplatform/jdk/jre/lib/amd64/libverify.so
7f41a7605000-7f41a760c000 r-xp 00000000 08:04 265455                     /usr/lib/librt-2.19.so
7f41a760c000-7f41a780b000 ---p 00007000 08:04 265455                     /usr/lib/librt-2.19.so
7f41a780b000-7f41a780c000 r--p 00006000 08:04 265455                     /usr/lib/librt-2.19.so
7f41a780c000-7f41a780d000 rw-p 00007000 08:04 265455                     /usr/lib/librt-2.19.so
7f41a780d000-7f41a790d000 r-xp 00000000 08:04 265399                     /usr/lib/libm-2.19.so
7f41a790d000-7f41a7b0c000 ---p 00100000 08:04 265399                     /usr/lib/libm-2.19.so
7f41a7b0c000-7f41a7b0d000 r--p 000ff000 08:04 265399                     /usr/lib/libm-2.19.so
7f41a7b0d000-7f41a7b0e000 rw-p 00100000 08:04 265399                     /usr/lib/libm-2.19.so
7f41a7b0e000-7f41a8555000 r-xp 00000000 08:05 9442125                    /home/matri/jmonkeyplatform/jdk/jre/lib/amd64/server/libjvm.so
7f41a8555000-7f41a8755000 ---p 00a47000 08:05 9442125                    /home/matri/jmonkeyplatform/jdk/jre/lib/amd64/server/libjvm.so
7f41a8755000-7f41a87f8000 rw-p 00a47000 08:05 9442125                    /home/matri/jmonkeyplatform/jdk/jre/lib/amd64/server/libjvm.so
7f41a87f8000-7f41a8834000 rw-p 00000000 00:00 0 
7f41a8834000-7f41a89d2000 r-xp 00000000 08:04 265462                     /usr/lib/libc-2.19.so
7f41a89d2000-7f41a8bd2000 ---p 0019e000 08:04 265462                     /usr/lib/libc-2.19.so
7f41a8bd2000-7f41a8bd6000 r--p 0019e000 08:04 265462                     /usr/lib/libc-2.19.so
7f41a8bd6000-7f41a8bd8000 rw-p 001a2000 08:04 265462                     /usr/lib/libc-2.19.so
7f41a8bd8000-7f41a8bdc000 rw-p 00000000 00:00 0 
7f41a8bdc000-7f41a8bdf000 r-xp 00000000 08:04 265412                     /usr/lib/libdl-2.19.so
7f41a8bdf000-7f41a8dde000 ---p 00003000 08:04 265412                     /usr/lib/libdl-2.19.so
7f41a8dde000-7f41a8ddf000 r--p 00002000 08:04 265412                     /usr/lib/libdl-2.19.so
7f41a8ddf000-7f41a8de0000 rw-p 00003000 08:04 265412                     /usr/lib/libdl-2.19.so
7f41a8de0000-7f41a8df6000 r-xp 00000000 08:05 9442145                    /home/matri/jmonkeyplatform/jdk/jre/lib/amd64/jli/libjli.so
7f41a8df6000-7f41a8ff6000 ---p 00016000 08:05 9442145                    /home/matri/jmonkeyplatform/jdk/jre/lib/amd64/jli/libjli.so
7f41a8ff6000-7f41a8ff7000 rw-p 00016000 08:05 9442145                    /home/matri/jmonkeyplatform/jdk/jre/lib/amd64/jli/libjli.so
7f41a8ff7000-7f41a900f000 r-xp 00000000 08:04 265477                     /usr/lib/libpthread-2.19.so
7f41a900f000-7f41a920e000 ---p 00018000 08:04 265477                     /usr/lib/libpthread-2.19.so
7f41a920e000-7f41a920f000 r--p 00017000 08:04 265477                     /usr/lib/libpthread-2.19.so
7f41a920f000-7f41a9210000 rw-p 00018000 08:04 265477                     /usr/lib/libpthread-2.19.so
7f41a9210000-7f41a9214000 rw-p 00000000 00:00 0 
7f41a9214000-7f41a9234000 r-xp 00000000 08:04 265438                     /usr/lib/ld-2.19.so
7f41a9234000-7f41a9236000 r--s 00005000 08:05 9702568                    /home/matri/.jmonkeyplatform/3.0/libs/j-ogg-oggd.jar
7f41a9236000-7f41a9239000 r--s 0001c000 08:05 9702636                    /home/matri/.jmonkeyplatform/3.0/libs/jME3-networking.jar
7f41a9239000-7f41a92f2000 rw-p 00000000 00:00 0 
7f41a92f2000-7f41a92f5000 ---p 00000000 00:00 0 
7f41a92f5000-7f41a93f7000 rw-p 00000000 00:00 0                          [stack:4495]
7f41a93f7000-7f41a93f8000 r--s 00009000 08:05 9702569                    /home/matri/.jmonkeyplatform/3.0/libs/j-ogg-vorbisd.jar
7f41a93f8000-7f41a93f9000 r--s 00002000 08:05 9702633                    /home/matri/.jmonkeyplatform/3.0/libs/jME3-jogg.jar
7f41a93f9000-7f41a93fc000 r--s 0007f000 08:05 9702630                    /home/matri/.jmonkeyplatform/3.0/libs/jME3-effects.jar
7f41a93fc000-7f41a93fd000 r--s 00010000 08:05 9702638                    /home/matri/.jmonkeyplatform/3.0/libs/jME3-plugins.jar
7f41a93fd000-7f41a9400000 r--s 00035000 08:05 9702629                    /home/matri/.jmonkeyplatform/3.0/libs/jME3-desktop.jar
7f41a9400000-7f41a940b000 rw-p 00000000 00:00 0 
7f41a940b000-7f41a9429000 rw-p 00000000 00:00 0 
7f41a9429000-7f41a9431000 rw-s 00000000 00:1f 65821                      /tmp/hsperfdata_matri/4490
7f41a9431000-7f41a9432000 rw-p 00000000 00:00 0 
7f41a9432000-7f41a9433000 r--p 00000000 00:00 0 
7f41a9433000-7f41a9434000 rw-p 00000000 00:00 0 
7f41a9434000-7f41a9435000 r--p 00020000 08:04 265438                     /usr/lib/ld-2.19.so
7f41a9435000-7f41a9436000 rw-p 00021000 08:04 265438                     /usr/lib/ld-2.19.so
7f41a9436000-7f41a9437000 rw-p 00000000 00:00 0 
7fff7539b000-7fff753bc000 rw-p 00000000 00:00 0                          [stack]
7fff753fe000-7fff75400000 r-xp 00000000 00:00 0                          [vdso]
ffffffffff600000-ffffffffff601000 r-xp 00000000 00:00 0                  [vsyscall]

VM Arguments:
jvm_args: -Dfile.encoding=UTF-8 
java_command: Engine.Main
Launcher Type: SUN_STANDARD

Environment Variables:
JAVA_HOME=/usr/lib/jvm/java-7-openjdk
PATH=/usr/local/sbin:/usr/local/bin:/usr/bin:/usr/share/java/gradle/bin:/usr/bin/site_perl:/usr/bin/core_perl
USERNAME=matri
LD_LIBRARY_PATH=/home/matri/jmonkeyplatform/bin/../jdk/jre/lib/amd64:/home/matri/jmonkeyplatform/bin/../jdk/jre/lib/i386:/usr/lib/catalystpxp/:/usr/lib32/catalystpxp/
SHELL=/bin/bash
DISPLAY=:0

Signal Handlers:
SIGSEGV: [libjvm.so+0x8a5c80], sa_mask[0]=0x7ffbfeff, sa_flags=0x10000004
SIGBUS: [libjvm.so+0x8a5c80], sa_mask[0]=0x7ffbfeff, sa_flags=0x10000004
SIGFPE: [libjvm.so+0x741d60], sa_mask[0]=0x7ffbfeff, sa_flags=0x10000004
SIGPIPE: [libjvm.so+0x741d60], sa_mask[0]=0x7ffbfeff, sa_flags=0x10000004
SIGXFSZ: [libjvm.so+0x741d60], sa_mask[0]=0x7ffbfeff, sa_flags=0x10000004
SIGILL: [libjvm.so+0x741d60], sa_mask[0]=0x7ffbfeff, sa_flags=0x10000004
SIGUSR1: SIG_DFL, sa_mask[0]=0x00000000, sa_flags=0x00000000
SIGUSR2: [libjvm.so+0x7416b0], sa_mask[0]=0x00000004, sa_flags=0x10000004
SIGHUP: [libjvm.so+0x743a40], sa_mask[0]=0x7ffbfeff, sa_flags=0x10000004
SIGINT: SIG_IGN, sa_mask[0]=0x00000000, sa_flags=0x00000000
SIGTERM: [libjvm.so+0x743a40], sa_mask[0]=0x7ffbfeff, sa_flags=0x10000004
SIGQUIT: [libjvm.so+0x743a40], sa_mask[0]=0x7ffbfeff, sa_flags=0x10000004


---------------  S Y S T E M  ---------------

OS:Linux
uname:Linux 3.13.6-1-ARCH #1 SMP PREEMPT Fri Mar 7 22:47:48 CET 2014 x86_64
libc:glibc 2.19 NPTL 2.19 
rlimit: STACK 8192k, CORE 0k, NPROC 62656, NOFILE 4096, AS infinity
load average:0.90 0.70 0.63

/proc/meminfo:
MemTotal:        8050332 kB
MemFree:         2963428 kB
Buffers:          172856 kB
Cached:          1607256 kB
SwapCached:            0 kB
Active:          3257816 kB
Inactive:        1159548 kB
Active(anon):    2638944 kB
Inactive(anon):   134024 kB
Active(file):     618872 kB
Inactive(file):  1025524 kB
Unevictable:           0 kB
Mlocked:               0 kB
SwapTotal:       8258556 kB
SwapFree:        8258556 kB
Dirty:                 0 kB
Writeback:             0 kB
AnonPages:       2641684 kB
Mapped:           512140 kB
Shmem:            135724 kB
Slab:             203244 kB
SReclaimable:     167172 kB
SUnreclaim:        36072 kB
KernelStack:        4688 kB
PageTables:        29628 kB
NFS_Unstable:          0 kB
Bounce:                0 kB
WritebackTmp:          0 kB
CommitLimit:    12283720 kB
Committed_AS:    6013428 kB
VmallocTotal:   34359738367 kB
VmallocUsed:      474220 kB
VmallocChunk:   34359235832 kB
HardwareCorrupted:     0 kB
AnonHugePages:   1622016 kB
HugePages_Total:       0
HugePages_Free:        0
HugePages_Rsvd:        0
HugePages_Surp:        0
Hugepagesize:       2048 kB
DirectMap4k:      408160 kB
DirectMap2M:     7929856 kB


CPU:total 8 (4 cores per cpu, 2 threads per core) family 6 model 58 stepping 9, cmov, cx8, fxsr, mmx, sse, sse2, sse3, ssse3, sse4.1, sse4.2, popcnt, avx, ht, tsc, tscinvbit, tscinv

/proc/cpuinfo:
processor	: 0
vendor_id	: GenuineIntel
cpu family	: 6
model		: 58
model name	: Intel(R) Core(TM) i7-3632QM CPU @ 2.20GHz
stepping	: 9
microcode	: 0x13
cpu MHz		: 2899.960
cache size	: 6144 KB
physical id	: 0
siblings	: 8
core id		: 0
cpu cores	: 4
apicid		: 0
initial apicid	: 0
fpu		: yes
fpu_exception	: yes
cpuid level	: 13
wp		: yes
flags		: fpu vme de pse tsc msr pae mce cx8 apic sep mtrr pge mca cmov pat pse36 clflush dts acpi mmx fxsr sse sse2 ss ht tm pbe syscall nx rdtscp lm constant_tsc arch_perfmon pebs bts rep_good nopl xtopology nonstop_tsc aperfmperf eagerfpu pni pclmulqdq dtes64 monitor ds_cpl vmx est tm2 ssse3 cx16 xtpr pdcm pcid sse4_1 sse4_2 x2apic popcnt tsc_deadline_timer aes xsave avx f16c rdrand lahf_lm ida arat epb xsaveopt pln pts dtherm tpr_shadow vnmi flexpriority ept vpid fsgsbase smep erms
bogomips	: 4392.27
clflush size	: 64
cache_alignment	: 64
address sizes	: 36 bits physical, 48 bits virtual
power management:

processor	: 1
vendor_id	: GenuineIntel
cpu family	: 6
model		: 58
model name	: Intel(R) Core(TM) i7-3632QM CPU @ 2.20GHz
stepping	: 9
microcode	: 0x13
cpu MHz		: 2938.031
cache size	: 6144 KB
physical id	: 0
siblings	: 8
core id		: 1
cpu cores	: 4
apicid		: 2
initial apicid	: 2
fpu		: yes
fpu_exception	: yes
cpuid level	: 13
wp		: yes
flags		: fpu vme de pse tsc msr pae mce cx8 apic sep mtrr pge mca cmov pat pse36 clflush dts acpi mmx fxsr sse sse2 ss ht tm pbe syscall nx rdtscp lm constant_tsc arch_perfmon pebs bts rep_good nopl xtopology nonstop_tsc aperfmperf eagerfpu pni pclmulqdq dtes64 monitor ds_cpl vmx est tm2 ssse3 cx16 xtpr pdcm pcid sse4_1 sse4_2 x2apic popcnt tsc_deadline_timer aes xsave avx f16c rdrand lahf_lm ida arat epb xsaveopt pln pts dtherm tpr_shadow vnmi flexpriority ept vpid fsgsbase smep erms
bogomips	: 4392.27
clflush size	: 64
cache_alignment	: 64
address sizes	: 36 bits physical, 48 bits virtual
power management:

processor	: 2
vendor_id	: GenuineIntel
cpu family	: 6
model		: 58
model name	: Intel(R) Core(TM) i7-3632QM CPU @ 2.20GHz
stepping	: 9
microcode	: 0x13
cpu MHz		: 2899.960
cache size	: 6144 KB
physical id	: 0
siblings	: 8
core id		: 2
cpu cores	: 4
apicid		: 4
initial apicid	: 4
fpu		: yes
fpu_exception	: yes
cpuid level	: 13
wp		: yes
flags		: fpu vme de pse tsc msr pae mce cx8 apic sep mtrr pge mca cmov pat pse36 clflush dts acpi mmx fxsr sse sse2 ss ht tm pbe syscall nx rdtscp lm constant_tsc arch_perfmon pebs bts rep_good nopl xtopology nonstop_tsc aperfmperf eagerfpu pni pclmulqdq dtes64 monitor ds_cpl vmx est tm2 ssse3 cx16 xtpr pdcm pcid sse4_1 sse4_2 x2apic popcnt tsc_deadline_timer aes xsave avx f16c rdrand lahf_lm ida arat epb xsaveopt pln pts dtherm tpr_shadow vnmi flexpriority ept vpid fsgsbase smep erms
bogomips	: 4392.27
clflush size	: 64
cache_alignment	: 64
address sizes	: 36 bits physical, 48 bits virtual
power management:

processor	: 3
vendor_id	: GenuineIntel
cpu family	: 6
model		: 58
model name	: Intel(R) Core(TM) i7-3632QM CPU @ 2.20GHz
stepping	: 9
microcode	: 0x13
cpu MHz		: 2934.250
cache size	: 6144 KB
physical id	: 0
siblings	: 8
core id		: 3
cpu cores	: 4
apicid		: 6
initial apicid	: 6
fpu		: yes
fpu_exception	: yes
cpuid level	: 13
wp		: yes
flags		: fpu vme de pse tsc msr pae mce cx8 apic sep mtrr pge mca cmov pat pse36 clflush dts acpi mmx fxsr sse sse2 ss ht tm pbe syscall nx rdtscp lm constant_tsc arch_perfmon pebs bts rep_good nopl xtopology nonstop_tsc aperfmperf eagerfpu pni pclmulqdq dtes64 monitor ds_cpl vmx est tm2 ssse3 cx16 xtpr pdcm pcid sse4_1 sse4_2 x2apic popcnt tsc_deadline_timer aes xsave avx f16c rdrand lahf_lm ida arat epb xsaveopt pln pts dtherm tpr_shadow vnmi flexpriority ept vpid fsgsbase smep erms
bogomips	: 4392.27
clflush size	: 64
cache_alignment	: 64
address sizes	: 36 bits physical, 48 bits virtual
power management:

processor	: 4
vendor_id	: GenuineIntel
cpu family	: 6
model		: 58
model name	: Intel(R) Core(TM) i7-3632QM CPU @ 2.20GHz
stepping	: 9
microcode	: 0x13
cpu MHz		: 2922.562
cache size	: 6144 KB
physical id	: 0
siblings	: 8
core id		: 0
cpu cores	: 4
apicid		: 1
initial apicid	: 1
fpu		: yes
fpu_exception	: yes
cpuid level	: 13
wp		: yes
flags		: fpu vme de pse tsc msr pae mce cx8 apic sep mtrr pge mca cmov pat pse36 clflush dts acpi mmx fxsr sse sse2 ss ht tm pbe syscall nx rdtscp lm constant_tsc arch_perfmon pebs bts rep_good nopl xtopology nonstop_tsc aperfmperf eagerfpu pni pclmulqdq dtes64 monitor ds_cpl vmx est tm2 ssse3 cx16 xtpr pdcm pcid sse4_1 sse4_2 x2apic popcnt tsc_deadline_timer aes xsave avx f16c rdrand lahf_lm ida arat epb xsaveopt pln pts dtherm tpr_shadow vnmi flexpriority ept vpid fsgsbase smep erms
bogomips	: 4392.27
clflush size	: 64
cache_alignment	: 64
address sizes	: 36 bits physical, 48 bits virtual
power management:

processor	: 5
vendor_id	: GenuineIntel
cpu family	: 6
model		: 58
model name	: Intel(R) Core(TM) i7-3632QM CPU @ 2.20GHz
stepping	: 9
microcode	: 0x13
cpu MHz		: 2940.953
cache size	: 6144 KB
physical id	: 0
siblings	: 8
core id		: 1
cpu cores	: 4
apicid		: 3
initial apicid	: 3
fpu		: yes
fpu_exception	: yes
cpuid level	: 13
wp		: yes
flags		: fpu vme de pse tsc msr pae mce cx8 apic sep mtrr pge mca cmov pat pse36 clflush dts acpi mmx fxsr sse sse2 ss ht tm pbe syscall nx rdtscp lm constant_tsc arch_perfmon pebs bts rep_good nopl xtopology nonstop_tsc aperfmperf eagerfpu pni pclmulqdq dtes64 monitor ds_cpl vmx est tm2 ssse3 cx16 xtpr pdcm pcid sse4_1 sse4_2 x2apic popcnt tsc_deadline_timer aes xsave avx f16c rdrand lahf_lm ida arat epb xsaveopt pln pts dtherm tpr_shadow vnmi flexpriority ept vpid fsgsbase smep erms
bogomips	: 4392.27
clflush size	: 64
cache_alignment	: 64
address sizes	: 36 bits physical, 48 bits virtual
power management:

processor	: 6
vendor_id	: GenuineIntel
cpu family	: 6
model		: 58
model name	: Intel(R) Core(TM) i7-3632QM CPU @ 2.20GHz
stepping	: 9
microcode	: 0x13
cpu MHz		: 2899.960
cache size	: 6144 KB
physical id	: 0
siblings	: 8
core id		: 2
cpu cores	: 4
apicid		: 5
initial apicid	: 5
fpu		: yes
fpu_exception	: yes
cpuid level	: 13
wp		: yes
flags		: fpu vme de pse tsc msr pae mce cx8 apic sep mtrr pge mca cmov pat pse36 clflush dts acpi mmx fxsr sse sse2 ss ht tm pbe syscall nx rdtscp lm constant_tsc arch_perfmon pebs bts rep_good nopl xtopology nonstop_tsc aperfmperf eagerfpu pni pclmulqdq dtes64 monitor ds_cpl vmx est tm2 ssse3 cx16 xtpr pdcm pcid sse4_1 sse4_2 x2apic popcnt tsc_deadline_timer aes xsave avx f16c rdrand lahf_lm ida arat epb xsaveopt pln pts dtherm tpr_shadow vnmi flexpriority ept vpid fsgsbase smep erms
bogomips	: 4392.27
clflush size	: 64
cache_alignment	: 64
address sizes	: 36 bits physical, 48 bits virtual
power management:

processor	: 7
vendor_id	: GenuineIntel
cpu family	: 6
model		: 58
model name	: Intel(R) Core(TM) i7-3632QM CPU @ 2.20GHz
stepping	: 9
microcode	: 0x13
cpu MHz		: 2899.960
cache size	: 6144 KB
physical id	: 0
siblings	: 8
core id		: 3
cpu cores	: 4
apicid		: 7
initial apicid	: 7
fpu		: yes
fpu_exception	: yes
cpuid level	: 13
wp		: yes
flags		: fpu vme de pse tsc msr pae mce cx8 apic sep mtrr pge mca cmov pat pse36 clflush dts acpi mmx fxsr sse sse2 ss ht tm pbe syscall nx rdtscp lm constant_tsc arch_perfmon pebs bts rep_good nopl xtopology nonstop_tsc aperfmperf eagerfpu pni pclmulqdq dtes64 monitor ds_cpl vmx est tm2 ssse3 cx16 xtpr pdcm pcid sse4_1 sse4_2 x2apic popcnt tsc_deadline_timer aes xsave avx f16c rdrand lahf_lm ida arat epb xsaveopt pln pts dtherm tpr_shadow vnmi flexpriority ept vpid fsgsbase smep erms
bogomips	: 4392.27
clflush size	: 64
cache_alignment	: 64
address sizes	: 36 bits physical, 48 bits virtual
power management:



Memory: 4k page, physical 8050332k(2963428k free), swap 8258556k(8258556k free)

vm_info: Java HotSpot(TM) 64-Bit Server VM (23.6-b04) for linux-amd64 JRE (1.7.0_11-b21), built on Jan 12 2013 01:43:03 by "java_re" with gcc 4.3.0 20080428 (Red Hat 4.3.0-8)

time: Tue Apr 22 15:33:52 2014
elapsed time: 2 seconds

